<?xml version="1.0" encoding="UTF-8"?>
<!-- Generated by org.testng.reporters.JUnitXMLReporter -->
<testsuite ignored="0" hostname="RENIl" failures="0" tests="16" name="Test" time="7.768" errors="0" timestamp="2024-05-17T14:17:00 PDT">
  <testcase classname="testCases.TC01_Get_Users" name="checkContentType" time="0.003"/>
  <testcase classname="testCases.TC01_Get_Users" name="checkDate" time="0.0"/>
  <testcase classname="testCases.TC01_Get_Users" name="checkResponseBody" time="0.014"/>
  <testcase classname="testCases.TC01_Get_Users" name="checkSResponseTime" time="0.001"/>
  <testcase classname="testCases.TC01_Get_Users" name="checkStatusCode" time="0.001"/>
  <testcase classname="testCases.TC02_Get_Single_User" name="checkResponseBody" time="0.001"/>
  <testcase classname="testCases.TC02_Get_Single_User" name="checkSResponseTime" time="0.001"/>
  <testcase classname="testCases.TC02_Get_Single_User" name="checkStatusCode" time="0.0"/>
  <testcase classname="testCases.TC03_Post_User_Record" name="checkContentType" time="0.0"/>
  <testcase classname="testCases.TC03_Post_User_Record" name="checkResponseBody" time="0.0"/>
  <testcase classname="testCases.TC03_Post_User_Record" name="checkStatusCode" time="0.0"/>
  <testcase classname="testCases.TC04_Put_User_Record" name="checkContentType" time="0.0"/>
  <testcase classname="testCases.TC04_Put_User_Record" name="checkResponseBody" time="0.0"/>
  <testcase classname="testCases.TC04_Put_User_Record" name="checkServerType" time="0.0"/>
  <testcase classname="testCases.TC04_Put_User_Record" name="checkStatusCode" time="0.0"/>
  <testcase classname="testCases.TC05_Delete_User_Record" name="checkStatusCode" time="0.0"/>
</testsuite> <!-- Test -->
