<?xml version="1.0" encoding="UTF-8"?>
<testsuite xmlns:xsi="http://www.w3.org/2001/XMLSchema-instance" xsi:noNamespaceSchemaLocation="https://maven.apache.org/surefire/maven-surefire-plugin/xsd/surefire-test-report.xsd" name="TestSuite" time="8.78" tests="16" errors="0" skipped="0" failures="0">
  <properties>
[...]
</properties>
  <testcase name="checkContentType" classname="testCases.TC01_Get_Users" time="0.003"/>
  <testcase name="checkDate" classname="testCases.TC01_Get_Users" time="0"/>
  <testcase name="checkResponseBody" classname="testCases.TC01_Get_Users" time="0.013"/>
  <testcase name="checkSResponseTime" classname="testCases.TC01_Get_Users" time="0.001"/>
  <testcase name="checkStatusCode" classname="testCases.TC01_Get_Users" time="0"/>
  <testcase name="checkResponseBody" classname="testCases.TC02_Get_Single_User" time="0.002"/>
  <testcase name="checkSResponseTime" classname="testCases.TC02_Get_Single_User" time="0"/>
  <testcase name="checkStatusCode" classname="testCases.TC02_Get_Single_User" time="0.001"/>
  <testcase name="checkContentType" classname="testCases.TC03_Post_User_Record" time="0"/>
  <testcase name="checkResponseBody" classname="testCases.TC03_Post_User_Record" time="0"/>
  <testcase name="checkStatusCode" classname="testCases.TC03_Post_User_Record" time="0"/>
  <testcase name="checkContentType" classname="testCases.TC04_Put_User_Record" time="0.001"/>
  <testcase name="checkResponseBody" classname="testCases.TC04_Put_User_Record" time="0"/>
  <testcase name="checkServerType" classname="testCases.TC04_Put_User_Record" time="0.001"/>
  <testcase name="checkStatusCode" classname="testCases.TC04_Put_User_Record" time="0"/>
  <testcase name="checkStatusCode" classname="testCases.TC05_Delete_User_Record" time="0"/>
</testsuite>